[17-Mar-2018 08:31:35] Error: Call to undefined method Flextype\Events::addListner() in /Applications/MAMP/htdocs/flextype/site/plugins/highlight/highlight.php at line 17
[17-Mar-2018 08:31:49] Error: Call to undefined method Flextype\Events::addListner() in /Applications/MAMP/htdocs/flextype/site/plugins/highlight/highlight.php at line 17
[17-Mar-2018 08:32:07] Error: Call to undefined method Flextype\Events::addListner() in /Applications/MAMP/htdocs/flextype/site/plugins/highlight/highlight.php at line 17
[17-Mar-2018 08:32:21] Error: Call to undefined function Flextype\readingTime() in /Applications/MAMP/htdocs/flextype/site/themes/default/index.php at line 2
[17-Mar-2018 08:35:48] ErrorException: Notice: Use of undefined constant plugins - assumed 'plugins' in /Applications/MAMP/htdocs/flextype/flextype/Plugins.php at line 52
[17-Mar-2018 08:36:46] ErrorException: Notice: Array to string conversion in /Applications/MAMP/htdocs/flextype/site/plugins/highlight/highlight.php at line 13
[17-Mar-2018 08:38:44] ErrorException: Notice: Array to string conversion in /Applications/MAMP/htdocs/flextype/site/plugins/highlight/highlight.php at line 13
[17-Mar-2018 08:38:50] ErrorException: Notice: Array to string conversion in /Applications/MAMP/htdocs/flextype/site/plugins/highlight/highlight.php at line 13
[17-Mar-2018 08:38:51] ErrorException: Notice: Array to string conversion in /Applications/MAMP/htdocs/flextype/site/plugins/highlight/highlight.php at line 13
[17-Mar-2018 08:38:51] ErrorException: Notice: Array to string conversion in /Applications/MAMP/htdocs/flextype/site/plugins/highlight/highlight.php at line 13
[17-Mar-2018 08:39:02] Error: Cannot access protected property Flextype\Config::$config in /Applications/MAMP/htdocs/flextype/site/plugins/highlight/highlight.php at line 13
[17-Mar-2018 08:39:06] ErrorException: Notice: Array to string conversion in /Applications/MAMP/htdocs/flextype/site/plugins/highlight/highlight.php at line 13
[17-Mar-2018 08:39:15] ErrorException: Notice: Array to string conversion in /Applications/MAMP/htdocs/flextype/site/plugins/highlight/highlight.php at line 13
[17-Mar-2018 08:40:04] ParseError: syntax error, unexpected 'Events' (T_STRING), expecting ',' or ';' in /Applications/MAMP/htdocs/flextype/site/plugins/highlight/highlight.php at line 19
[17-Mar-2018 09:22:35] ErrorException: Notice: Undefined variable: plugins_cache_id in /Applications/MAMP/htdocs/flextype/flextype/Plugins.php at line 44
[17-Mar-2018 09:25:08] ParseError: syntax error, unexpected 'if' (T_IF), expecting ',' or ';' in /Applications/MAMP/htdocs/flextype/flextype/Plugins.php at line 81
[17-Mar-2018 11:07:45] Error: Class 'Config' not found in /Applications/MAMP/htdocs/flextype/site/themes/default/index.php at line 3
[17-Mar-2018 11:46:16] Error: Using $this when not in object context in /Applications/MAMP/htdocs/flextype/flextype/Shortcodes.php at line 99
[17-Mar-2018 11:49:33] Error: Using $this when not in object context in /Applications/MAMP/htdocs/flextype/flextype/Shortcodes.php at line 99
[17-Mar-2018 11:51:21] Error: Class 'Flextype\Url' not found in /Applications/MAMP/htdocs/flextype/flextype/boot/shortcodes.php at line 15
